[ 67%] Built target gpu_sim_lib
[ 75%] Built target RISCVGpuSim
[100%] Built target unit_tests
Running kernel: Samples/VecAdd
Cycles: 0000137f
Instrs: 00026978
Susps: 00000000
Retries: 00000000
DRAMAccs: 00000696
Self test: PASSED
Running kernel: Samples/Histogram
Cycles: 000016b0
Instrs: 0002c908
Susps: 00000000
Retries: 00000000
DRAMAccs: 000005e6
Self test: PASSED
Running kernel: Samples/Reduce
Cycles: 00002f9d
Instrs: 0005ce4e
Susps: 00000000
Retries: 00000000
DRAMAccs: 0000057d
Self test: PASSED
Running kernel: Samples/Scan
Cycles: 00007e5e
Instrs: 000f8f04
Susps: 00000000
Retries: 00000000
DRAMAccs: 000007bf
Self test: FAILED
Running kernel: Samples/Transpose
Cycles: 00004137
Instrs: 00081000
Susps: 00000000
Retries: 00000000
DRAMAccs: 000010c0
Self test: FAILED
Running kernel: Samples/MatVecMul
Cycles: 0000392d
Instrs: 00068780
Susps: 00000000
Retries: 00000000
DRAMAccs: 00000f80
Self test: PASSED
Running kernel: Samples/MatMul
Cycles: 00011f23
Instrs: 0023e000
Susps: 00000000
Retries: 00000000
DRAMAccs: 00001480
Self test: FAILED
Running kernel: Samples/BitonicSortSmall
Cycles: 00017aa1
Instrs: 0029dd47
Susps: 00000000
Retries: 00000000
DRAMAccs: 000019d0
Self test: FAILED
Running kernel: Samples/BitonicSortLarge
Cycles: 0003986b
Instrs: 00097871
Susps: 00000000
Retries: 00000000
DRAMAccs: 000014c8
Cycles: 0003c327
Instrs: 000cbb66
Susps: 00000000
Retries: 00000000
DRAMAccs: 000022ec
Cycles: 00046888
Instrs: 00216366
Susps: 00000000
Retries: 00000000
DRAMAccs: 0000372c
Self test: FAILED
Running kernel: Samples/SparseMatVecMul
Cycles: 00001179
Instrs: 00021bc0
Susps: 00000000
Retries: 00000000
DRAMAccs: 00000d5d
Self test: PASSED
Running kernel: InHouse/BlockedStencil
Cycles: 000034f7
Instrs: 0003cdb0
Susps: 00000000
Retries: 00000000
DRAMAccs: 00000d80
Detected an error at index: 00000001
Expected value: 00010b14
Computed value: 00000000
Self test: FAILED
Running kernel: InHouse/StripedStencil
Cycles: 0000352f
Instrs: 000696c0
Susps: 00000000
Retries: 00000000
DRAMAccs: 00000f58
Detected an error at index: 00000000
Expected value: 0000e665
Computed value: 00007910
Self test: FAILED
Running kernel: InHouse/VecGCD
Cycles: 0000108b
Instrs: 0001e3a0
Susps: 00000000
Retries: 00000000
DRAMAccs: 000004d4
Self test: FAILED
Running kernel: InHouse/MotionEst
Cycles: 00007953
Instrs: 000f60a0
Susps: 00000000
Retries: 00000000
DRAMAccs: 00001988
Self test: FAILED
